{"G:\\Sliit\\Project\\HealthCard\\HealthCard\\backend\\src\\controller\\userController.js": {"path":"G:\\Sliit\\Project\\HealthCard\\HealthCard\\backend\\src\\controller\\userController.js","statementMap":{"0":{"start":{"line":1,"column":13},"end":{"line":1,"column":38}},"1":{"start":{"line":2,"column":12},"end":{"line":2,"column":35}},"2":{"start":{"line":4,"column":20},"end":{"line":6,"column":1}},"3":{"start":{"line":5,"column":2},"end":{"line":5,"column":68}},"4":{"start":{"line":8,"column":18},"end":{"line":22,"column":1}},"5":{"start":{"line":9,"column":30},"end":{"line":9,"column":38}},"6":{"start":{"line":11,"column":2},"end":{"line":21,"column":3}},"7":{"start":{"line":12,"column":17},"end":{"line":12,"column":50}},"8":{"start":{"line":14,"column":18},"end":{"line":14,"column":39}},"9":{"start":{"line":16,"column":21},"end":{"line":16,"column":34}},"10":{"start":{"line":18,"column":4},"end":{"line":18,"column":53}},"11":{"start":{"line":20,"column":4},"end":{"line":20,"column":51}},"12":{"start":{"line":24,"column":19},"end":{"line":36,"column":1}},"13":{"start":{"line":25,"column":40},"end":{"line":25,"column":48}},"14":{"start":{"line":27,"column":2},"end":{"line":35,"column":3}},"15":{"start":{"line":28,"column":17},"end":{"line":28,"column":61}},"16":{"start":{"line":30,"column":18},"end":{"line":30,"column":39}},"17":{"start":{"line":32,"column":4},"end":{"line":32,"column":53}},"18":{"start":{"line":34,"column":4},"end":{"line":34,"column":51}},"19":{"start":{"line":38,"column":22},"end":{"line":46,"column":1}},"20":{"start":{"line":39,"column":2},"end":{"line":45,"column":3}},"21":{"start":{"line":40,"column":18},"end":{"line":40,"column":57}},"22":{"start":{"line":41,"column":4},"end":{"line":41,"column":20}},"23":{"start":{"line":43,"column":4},"end":{"line":43,"column":29}},"24":{"start":{"line":44,"column":4},"end":{"line":44,"column":51}},"25":{"start":{"line":48,"column":27},"end":{"line":56,"column":1}},"26":{"start":{"line":49,"column":2},"end":{"line":55,"column":3}},"27":{"start":{"line":50,"column":18},"end":{"line":50,"column":62}},"28":{"start":{"line":51,"column":4},"end":{"line":51,"column":20}},"29":{"start":{"line":53,"column":4},"end":{"line":53,"column":29}},"30":{"start":{"line":54,"column":4},"end":{"line":54,"column":51}},"31":{"start":{"line":58,"column":26},"end":{"line":66,"column":1}},"32":{"start":{"line":59,"column":2},"end":{"line":65,"column":3}},"33":{"start":{"line":60,"column":18},"end":{"line":60,"column":61}},"34":{"start":{"line":61,"column":4},"end":{"line":61,"column":20}},"35":{"start":{"line":63,"column":4},"end":{"line":63,"column":29}},"36":{"start":{"line":64,"column":4},"end":{"line":64,"column":51}},"37":{"start":{"line":68,"column":20},"end":{"line":76,"column":1}},"38":{"start":{"line":69,"column":2},"end":{"line":75,"column":3}},"39":{"start":{"line":70,"column":18},"end":{"line":70,"column":55}},"40":{"start":{"line":71,"column":4},"end":{"line":71,"column":20}},"41":{"start":{"line":73,"column":4},"end":{"line":73,"column":29}},"42":{"start":{"line":74,"column":4},"end":{"line":74,"column":51}},"43":{"start":{"line":78,"column":19},"end":{"line":90,"column":1}},"44":{"start":{"line":79,"column":14},"end":{"line":79,"column":24}},"45":{"start":{"line":80,"column":2},"end":{"line":89,"column":3}},"46":{"start":{"line":81,"column":20},"end":{"line":81,"column":43}},"47":{"start":{"line":83,"column":4},"end":{"line":85,"column":5}},"48":{"start":{"line":84,"column":6},"end":{"line":84,"column":58}},"49":{"start":{"line":86,"column":4},"end":{"line":86,"column":34}},"50":{"start":{"line":88,"column":4},"end":{"line":88,"column":53}},"51":{"start":{"line":93,"column":24},"end":{"line":105,"column":1}},"52":{"start":{"line":94,"column":2},"end":{"line":104,"column":3}},"53":{"start":{"line":96,"column":22},"end":{"line":96,"column":94}},"54":{"start":{"line":97,"column":4},"end":{"line":97,"column":27}},"55":{"start":{"line":100,"column":4},"end":{"line":100,"column":24}},"56":{"start":{"line":102,"column":4},"end":{"line":102,"column":29}},"57":{"start":{"line":103,"column":4},"end":{"line":103,"column":51}},"58":{"start":{"line":107,"column":0},"end":{"line":116,"column":2}}},"fnMap":{"0":{"name":"(anonymous_0)","decl":{"start":{"line":4,"column":20},"end":{"line":4,"column":21}},"loc":{"start":{"line":4,"column":29},"end":{"line":6,"column":1}},"line":4},"1":{"name":"(anonymous_1)","decl":{"start":{"line":8,"column":18},"end":{"line":8,"column":19}},"loc":{"start":{"line":8,"column":38},"end":{"line":22,"column":1}},"line":8},"2":{"name":"(anonymous_2)","decl":{"start":{"line":24,"column":19},"end":{"line":24,"column":20}},"loc":{"start":{"line":24,"column":39},"end":{"line":36,"column":1}},"line":24},"3":{"name":"(anonymous_3)","decl":{"start":{"line":38,"column":22},"end":{"line":38,"column":23}},"loc":{"start":{"line":38,"column":42},"end":{"line":46,"column":1}},"line":38},"4":{"name":"(anonymous_4)","decl":{"start":{"line":48,"column":27},"end":{"line":48,"column":28}},"loc":{"start":{"line":48,"column":47},"end":{"line":56,"column":1}},"line":48},"5":{"name":"(anonymous_5)","decl":{"start":{"line":58,"column":26},"end":{"line":58,"column":27}},"loc":{"start":{"line":58,"column":46},"end":{"line":66,"column":1}},"line":58},"6":{"name":"(anonymous_6)","decl":{"start":{"line":68,"column":20},"end":{"line":68,"column":21}},"loc":{"start":{"line":68,"column":40},"end":{"line":76,"column":1}},"line":68},"7":{"name":"(anonymous_7)","decl":{"start":{"line":78,"column":19},"end":{"line":78,"column":20}},"loc":{"start":{"line":78,"column":39},"end":{"line":90,"column":1}},"line":78},"8":{"name":"(anonymous_8)","decl":{"start":{"line":93,"column":24},"end":{"line":93,"column":25}},"loc":{"start":{"line":93,"column":44},"end":{"line":105,"column":1}},"line":93}},"branchMap":{"0":{"loc":{"start":{"line":83,"column":4},"end":{"line":85,"column":5}},"type":"if","locations":[{"start":{"line":83,"column":4},"end":{"line":85,"column":5}},{"start":{},"end":{}}],"line":83}},"s":{"0":1,"1":1,"2":1,"3":1,"4":1,"5":2,"6":2,"7":2,"8":1,"9":1,"10":1,"11":1,"12":1,"13":0,"14":0,"15":0,"16":0,"17":0,"18":0,"19":1,"20":0,"21":0,"22":0,"23":0,"24":0,"25":1,"26":0,"27":0,"28":0,"29":0,"30":0,"31":1,"32":0,"33":0,"34":0,"35":0,"36":0,"37":1,"38":0,"39":0,"40":0,"41":0,"42":0,"43":1,"44":0,"45":0,"46":0,"47":0,"48":0,"49":0,"50":0,"51":1,"52":0,"53":0,"54":0,"55":0,"56":0,"57":0,"58":1},"f":{"0":1,"1":2,"2":0,"3":0,"4":0,"5":0,"6":0,"7":0,"8":0},"b":{"0":[0,0]},"_coverageSchema":"1a1c01bbd47fc00a2c39e90264f33305004495a9","hash":"0524666b69abc079c5f741c56ce3bb0019432b5c"}
,"G:\\Sliit\\Project\\HealthCard\\HealthCard\\backend\\src\\models\\User.js": {"path":"G:\\Sliit\\Project\\HealthCard\\HealthCard\\backend\\src\\models\\User.js","statementMap":{"0":{"start":{"line":1,"column":17},"end":{"line":1,"column":36}},"1":{"start":{"line":2,"column":15},"end":{"line":2,"column":32}},"2":{"start":{"line":3,"column":18},"end":{"line":3,"column":38}},"3":{"start":{"line":5,"column":15},"end":{"line":5,"column":30}},"4":{"start":{"line":7,"column":19},"end":{"line":58,"column":2}},"5":{"start":{"line":61,"column":0},"end":{"line":86,"column":2}},"6":{"start":{"line":62,"column":2},"end":{"line":64,"column":3}},"7":{"start":{"line":63,"column":4},"end":{"line":63,"column":45}},"8":{"start":{"line":66,"column":2},"end":{"line":68,"column":3}},"9":{"start":{"line":67,"column":4},"end":{"line":67,"column":38}},"10":{"start":{"line":70,"column":2},"end":{"line":72,"column":3}},"11":{"start":{"line":71,"column":4},"end":{"line":71,"column":128}},"12":{"start":{"line":74,"column":17},"end":{"line":74,"column":46}},"13":{"start":{"line":76,"column":2},"end":{"line":78,"column":3}},"14":{"start":{"line":77,"column":4},"end":{"line":77,"column":40}},"15":{"start":{"line":80,"column":15},"end":{"line":80,"column":39}},"16":{"start":{"line":81,"column":15},"end":{"line":81,"column":48}},"17":{"start":{"line":83,"column":15},"end":{"line":83,"column":68}},"18":{"start":{"line":85,"column":2},"end":{"line":85,"column":14}},"19":{"start":{"line":89,"column":0},"end":{"line":109,"column":1}},"20":{"start":{"line":91,"column":2},"end":{"line":93,"column":3}},"21":{"start":{"line":92,"column":4},"end":{"line":92,"column":45}},"22":{"start":{"line":95,"column":15},"end":{"line":95,"column":44}},"23":{"start":{"line":97,"column":2},"end":{"line":99,"column":3}},"24":{"start":{"line":98,"column":4},"end":{"line":98,"column":35}},"25":{"start":{"line":101,"column":16},"end":{"line":101,"column":60}},"26":{"start":{"line":103,"column":2},"end":{"line":105,"column":3}},"27":{"start":{"line":104,"column":4},"end":{"line":104,"column":37}},"28":{"start":{"line":107,"column":2},"end":{"line":107,"column":14}},"29":{"start":{"line":111,"column":0},"end":{"line":111,"column":52}}},"fnMap":{"0":{"name":"(anonymous_0)","decl":{"start":{"line":61,"column":28},"end":{"line":61,"column":29}},"loc":{"start":{"line":61,"column":70},"end":{"line":86,"column":1}},"line":61},"1":{"name":"(anonymous_1)","decl":{"start":{"line":89,"column":27},"end":{"line":89,"column":28}},"loc":{"start":{"line":89,"column":57},"end":{"line":109,"column":1}},"line":89}},"branchMap":{"0":{"loc":{"start":{"line":62,"column":2},"end":{"line":64,"column":3}},"type":"if","locations":[{"start":{"line":62,"column":2},"end":{"line":64,"column":3}},{"start":{},"end":{}}],"line":62},"1":{"loc":{"start":{"line":62,"column":6},"end":{"line":62,"column":38}},"type":"binary-expr","locations":[{"start":{"line":62,"column":6},"end":{"line":62,"column":12}},{"start":{"line":62,"column":16},"end":{"line":62,"column":25}},{"start":{"line":62,"column":29},"end":{"line":62,"column":38}}],"line":62},"2":{"loc":{"start":{"line":66,"column":2},"end":{"line":68,"column":3}},"type":"if","locations":[{"start":{"line":66,"column":2},"end":{"line":68,"column":3}},{"start":{},"end":{}}],"line":66},"3":{"loc":{"start":{"line":70,"column":2},"end":{"line":72,"column":3}},"type":"if","locations":[{"start":{"line":70,"column":2},"end":{"line":72,"column":3}},{"start":{},"end":{}}],"line":70},"4":{"loc":{"start":{"line":76,"column":2},"end":{"line":78,"column":3}},"type":"if","locations":[{"start":{"line":76,"column":2},"end":{"line":78,"column":3}},{"start":{},"end":{}}],"line":76},"5":{"loc":{"start":{"line":91,"column":2},"end":{"line":93,"column":3}},"type":"if","locations":[{"start":{"line":91,"column":2},"end":{"line":93,"column":3}},{"start":{},"end":{}}],"line":91},"6":{"loc":{"start":{"line":91,"column":6},"end":{"line":91,"column":25}},"type":"binary-expr","locations":[{"start":{"line":91,"column":6},"end":{"line":91,"column":12}},{"start":{"line":91,"column":16},"end":{"line":91,"column":25}}],"line":91},"7":{"loc":{"start":{"line":97,"column":2},"end":{"line":99,"column":3}},"type":"if","locations":[{"start":{"line":97,"column":2},"end":{"line":99,"column":3}},{"start":{},"end":{}}],"line":97},"8":{"loc":{"start":{"line":103,"column":2},"end":{"line":105,"column":3}},"type":"if","locations":[{"start":{"line":103,"column":2},"end":{"line":105,"column":3}},{"start":{},"end":{}}],"line":103}},"s":{"0":1,"1":1,"2":1,"3":1,"4":1,"5":1,"6":0,"7":0,"8":0,"9":0,"10":0,"11":0,"12":0,"13":0,"14":0,"15":0,"16":0,"17":0,"18":0,"19":1,"20":0,"21":0,"22":0,"23":0,"24":0,"25":0,"26":0,"27":0,"28":0,"29":1},"f":{"0":0,"1":0},"b":{"0":[0,0],"1":[0,0,0],"2":[0,0],"3":[0,0],"4":[0,0],"5":[0,0],"6":[0,0],"7":[0,0],"8":[0,0]},"_coverageSchema":"1a1c01bbd47fc00a2c39e90264f33305004495a9","hash":"8550ad63e5793cb6c34b8b97ee0a2544c6ed21fc"}
}
